#
# A fatal error has been detected by the Java Runtime Environment:
#
#  EXCEPTION_ACCESS_VIOLATION (0xc0000005) at pc=0x000000005d017b50, pid=15996, tid=15668
#
# JRE version: Java(TM) SE Runtime Environment (8.0_25-b18) (build 1.8.0_25-b18)
# Java VM: Java HotSpot(TM) 64-Bit Server VM (25.25-b02 mixed mode windows-amd64 compressed oops)
# Problematic frame:
# V  [jvm.dll+0x67b50]
#
# Failed to write core dump. Minidumps are not enabled by default on client versions of Windows
#
# If you would like to submit a bug report, please visit:
#   http://bugreport.sun.com/bugreport/crash.jsp
#

---------------  T H R E A D  ---------------

Current thread (0x0000000016106000):  VMThread [stack: 0x00000000171b0000,0x00000000172b0000] [id=15668]

siginfo: ExceptionCode=0xc0000005, reading address 0x0000500015d2d060

Registers:
RAX=0x0000500015d2d060, RBX=0x0000000003e22ea0, RCX=0x0000500015d2d060, RDX=0x0000000000000049
RSP=0x00000000172aed48, RBP=0x00000000172aedc9, RSI=0x0000000003e22c10, RDI=0x0000000000000000
R8 =0x00000000172aed01, R9 =0x000000005cfb0000, R10=0x0000000000000000, R11=0x0000000003e22ea0
R12=0x000000005d017b50, R13=0x000000000000f000, R14=0x000000005d567fa8, R15=0x000000005d74e2c0
RIP=0x000000005d017b50, EFLAGS=0x0000000000010202

Top of Stack: (sp=0x00000000172aed48)
0x00000000172aed48:   000000005d03b6a1 0000000003e22ea0
0x00000000172aed58:   00000000172aedc9 0000000003e22c10
0x00000000172aed68:   0000000000000000 0000000000000000
0x00000000172aed78:   0000000003e22d48 0000000003e22e88
0x00000000172aed88:   0000000003e22c10 0000000003e230b6
0x00000000172aed98:   00000000026e0060 0000000003e229d8
0x00000000172aeda8:   0000000017000000 0000000003e22ea0
0x00000000172aedb8:   0000000003e22ea0 0000000003e23ee0
0x00000000172aedc8:   0000000003e22ea0 0000000003e23ee0
0x00000000172aedd8:   0000000003e23fe8 000000005d567fa8
0x00000000172aede8:   00000000172aed70 0000000000000000
0x00000000172aedf8:   000000005d032f29 0000000000000000
0x00000000172aee08:   0000000000000c00 000000005d74e390
0x00000000172aee18:   0000000000000000 00000000172af010
0x00000000172aee28:   000000005d033305 0000000000911960
0x00000000172aee38:   000000005d017b60 0000000003e22c10 

Instructions: (pc=0x000000005d017b50)
0x000000005d017b30:   ff ff 48 8b 5c 24 60 48 8b 6c 24 68 48 8b 74 24
0x000000005d017b40:   70 48 83 c4 30 41 5f 41 5e 41 5d 41 5c 5f c3 cc
0x000000005d017b50:   48 8b 01 b2 01 48 ff 60 48 cc cc cc cc cc cc cc
0x000000005d017b60:   48 8d 15 e9 ff ff ff e9 14 3a 02 00 cc cc cc cc 


Register to memory mapping:

RAX=0x0000500015d2d060 is an unknown value
RBX=0x0000000003e22ea0 is at entry_point+0 in (nmethod*)0x0000000003e22c10
RCX=0x0000500015d2d060 is an unknown value
RDX=0x0000000000000049 is an unknown value
RSP=0x00000000172aed48 is an unknown value
RBP=0x00000000172aedc9 is an unknown value
RSI=0x0000000003e22c10 is at entry_point+-656 in (nmethod*)0x0000000003e22c10
RDI=0x0000000000000000 is an unknown value
R8 =0x00000000172aed01 is an unknown value
R9 =0x000000005cfb0000 is an unknown value
R10=0x0000000000000000 is an unknown value
R11=0x0000000003e22ea0 is at entry_point+0 in (nmethod*)0x0000000003e22c10
R12=0x000000005d017b50 is an unknown value
R13=0x000000000000f000 is an unknown value
R14=0x000000005d567fa8 is an unknown value
R15=0x000000005d74e2c0 is an unknown value


Stack: [0x00000000171b0000,0x00000000172b0000],  sp=0x00000000172aed48,  free space=1019k
Native frames: (J=compiled Java code, j=interpreted, Vv=VM code, C=native code)
V  [jvm.dll+0x67b50]

VM_Operation (0x00000000179ae090): CollectForMetadataAllocation, mode: safepoint, requested by thread 0x000000001614c000


---------------  P R O C E S S  ---------------

Java Threads: ( => current thread )
  0x000000001f30e800 JavaThread "Cache worker for cache directory md-rule (C:\Users\roger_000\Desktop\gradle-6.2.2\caches\6.1.1\md-rule)" [_thread_blocked, id=16988, stack(0x000000001f460000,0x000000001f560000)]
  0x000000001f30e000 JavaThread "Cache worker for cache directory md-supplier (C:\Users\roger_000\Desktop\gradle-6.2.2\caches\6.1.1\md-supplier)" [_thread_blocked, id=2612, stack(0x000000001e2d0000,0x000000001e3d0000)]
  0x000000001f30a000 JavaThread "Cache worker for file hash cache (C:\Users\roger_000\Desktop\SureLook\.gradle\6.1.1\fileHashes)" [_thread_blocked, id=14436, stack(0x000000001ddb0000,0x000000001deb0000)]
  0x000000001f308800 JavaThread "Cache worker for checksums cache (C:\Users\roger_000\Desktop\SureLook\.gradle\checksums)" [_thread_blocked, id=1888, stack(0x000000001d7b0000,0x000000001d8b0000)]
  0x000000001f30c800 JavaThread "Thread-43" [_thread_blocked, id=9804, stack(0x000000001d4b0000,0x000000001d5b0000)]
  0x000000001f30d000 JavaThread "Stdin handler" [_thread_blocked, id=10608, stack(0x000000001bfd0000,0x000000001c0d0000)]
  0x000000001f300000 JavaThread "Asynchronous log dispatcher for DefaultDaemonConnection: socket connection from /127.0.0.1:53253 to /127.0.0.1:53465" [_thread_blocked, id=17656, stack(0x000000001bed0000,0x000000001bfd0000)]
  0x000000001f306800 JavaThread "Daemon worker Thread 2" [_thread_blocked, id=10996, stack(0x000000001a900000,0x000000001aa00000)]
  0x000000001f2ff800 JavaThread "Cancel handler" [_thread_blocked, id=11916, stack(0x000000001a600000,0x000000001a700000)]
  0x000000001f303000 JavaThread "Handler for socket connection from /127.0.0.1:53253 to /127.0.0.1:53465" [_thread_in_native, id=1896, stack(0x000000001a500000,0x000000001a600000)]
  0x000000001f301000 JavaThread "Daemon Thread 2" [_thread_blocked, id=2376, stack(0x0000000000a70000,0x0000000000b70000)]
  0x000000001f301800 JavaThread "ForkJoinPool.commonPool-worker-1" daemon [_thread_blocked, id=17244, stack(0x000000001a200000,0x000000001a300000)]
  0x000000001f304000 JavaThread "Cache worker for Java compile cache (C:\Users\roger_000\Desktop\gradle-6.2.2\caches\6.1.1\javaCompile)" [_thread_blocked, id=6752, stack(0x0000000024830000,0x0000000024930000)]
  0x0000000018aff800 JavaThread "Cache worker for file content cache (C:\Users\roger_000\Desktop\gradle-6.2.2\caches\6.1.1\fileContent)" [_thread_blocked, id=17124, stack(0x0000000021f30000,0x0000000022030000)]
  0x0000000018af9800 JavaThread "Memory manager" [_thread_blocked, id=17140, stack(0x0000000021e30000,0x0000000021f30000)]
  0x0000000019518000 JavaThread "Cache worker for execution history cache (C:\Users\roger_000\Desktop\gradle-6.2.2\caches\6.1.1\executionHistory)" [_thread_blocked, id=5972, stack(0x000000001d8b0000,0x000000001d9b0000)]
  0x000000001951a000 JavaThread "Cache worker for file hash cache (C:\Users\roger_000\Desktop\gradle-6.2.2\caches\6.1.1\fileHashes)" [_thread_blocked, id=9388, stack(0x000000001ae00000,0x000000001af00000)]
  0x000000001951d000 JavaThread "File lock request listener" [_thread_in_native, id=2172, stack(0x000000001ad00000,0x000000001ae00000)]
  0x000000001951b800 JavaThread "Cache worker for journal cache (C:\Users\roger_000\Desktop\gradle-6.2.2\caches\journal-1)" [_thread_blocked, id=17632, stack(0x000000001ac00000,0x000000001ad00000)]
  0x0000000018657000 JavaThread "Daemon periodic checks" [_thread_blocked, id=12472, stack(0x000000001a000000,0x000000001a100000)]
  0x0000000018b4e000 JavaThread "Incoming local TCP Connector on port 53253" [_thread_in_native, id=5224, stack(0x0000000019dc0000,0x0000000019ec0000)]
  0x000000001910a800 JavaThread "Daemon health stats" [_thread_blocked, id=5732, stack(0x0000000019780000,0x0000000019880000)]
  0x000000001619e000 JavaThread "Service Thread" daemon [_thread_blocked, id=2288, stack(0x0000000017db0000,0x0000000017eb0000)]
  0x000000001614c000 JavaThread "C1 CompilerThread2" daemon [_thread_blocked, id=6908, stack(0x00000000178b0000,0x00000000179b0000)]
  0x0000000016141000 JavaThread "C2 CompilerThread1" daemon [_thread_blocked, id=12604, stack(0x00000000177b0000,0x00000000178b0000)]
  0x000000001613b800 JavaThread "C2 CompilerThread0" daemon [_thread_blocked, id=17556, stack(0x00000000176b0000,0x00000000177b0000)]
  0x000000001613a000 JavaThread "Attach Listener" daemon [_thread_blocked, id=1708, stack(0x00000000175b0000,0x00000000176b0000)]
  0x0000000016138800 JavaThread "Signal Dispatcher" daemon [_thread_blocked, id=9732, stack(0x00000000174b0000,0x00000000175b0000)]
  0x00000000027c6000 JavaThread "Finalizer" daemon [_thread_blocked, id=17492, stack(0x00000000173b0000,0x00000000174b0000)]
  0x00000000027bd000 JavaThread "Reference Handler" daemon [_thread_blocked, id=12808, stack(0x00000000172b0000,0x00000000173b0000)]
  0x000000000091d800 JavaThread "main" [_thread_blocked, id=9260, stack(0x00000000025d0000,0x00000000026d0000)]

Other Threads:
=>0x0000000016106000 VMThread [stack: 0x00000000171b0000,0x00000000172b0000] [id=15668]
  0x00000000179e4000 WatcherThread [stack: 0x0000000017eb0000,0x0000000017fb0000] [id=10828]

VM state:at safepoint (normal execution)

VM Mutex/Monitor currently owned by a thread:  ([mutex/lock_event])
[0x000000000091d1e0] Threads_lock - owner thread: 0x0000000016106000
[0x000000000091ca60] Heap_lock - owner thread: 0x000000001614c000
[0x00000000026d11d0] MethodData_lock - owner thread: 0x000000001614c000

Heap:
 PSYoungGen      total 190464K, used 13384K [0x00000000e0000000, 0x00000000ee380000, 0x0000000100000000)
  eden space 176640K, 0% used [0x00000000e0000000,0x00000000e0000000,0x00000000eac80000)
  from space 13824K, 96% used [0x00000000eb280000,0x00000000ebf92238,0x00000000ec000000)
  to   space 28160K, 0% used [0x00000000ec800000,0x00000000ec800000,0x00000000ee380000)
 ParOldGen       total 125440K, used 66092K [0x00000000a0000000, 0x00000000a7a80000, 0x00000000e0000000)
  object space 125440K, 52% used [0x00000000a0000000,0x00000000a408b268,0x00000000a7a80000)
 Metaspace       used 93782K, capacity 98326K, committed 98560K, reserved 1134592K
  class space    used 12818K, capacity 13613K, committed 13696K, reserved 1048576K

Card table byte_map: [0x0000000011b90000,0x0000000011ea0000] byte_map_base: 0x0000000011690000

Marking Bits: (ParMarkBitMap*) 0x000000005d78d490
 Begin Bits: [0x00000000124a0000, 0x0000000013ca0000)
 End Bits:   [0x0000000013ca0000, 0x00000000154a0000)

Polling page: 0x0000000002550000

CodeCache: size=245760Kb used=39841Kb max_used=39849Kb free=205918Kb
 bounds [0x00000000027d0000, 0x0000000004ef0000, 0x00000000117d0000]
 total_blobs=13045 nmethods=12164 adapters=793
 compilation: enabled

Compilation events (10 events):
Event: 6820.755 Thread 0x000000001614c000 nmethod 14685 0x0000000004edbbd0 code [0x0000000004edbd40, 0x0000000004edc048]
Event: 6820.755 Thread 0x000000001614c000 14686       3       org.gradle.internal.service.DefaultServiceRegistry$ParentServices::getAll (12 bytes)
Event: 6820.755 Thread 0x000000001614c000 nmethod 14686 0x0000000004ee1f10 code [0x0000000004ee2080, 0x0000000004ee22a8]
Event: 6820.762 Thread 0x0000000016141000 14687       4       java.util.Arrays::hashCode (56 bytes)
Event: 6820.763 Thread 0x000000001614c000 14688       3       org.gradle.invocation.DefaultGradle_Decorated::getIdentityPath (39 bytes)
Event: 6820.765 Thread 0x000000001614c000 nmethod 14688 0x0000000004ee54d0 code [0x0000000004ee5780, 0x0000000004ee6ce8]
Event: 6820.765 Thread 0x000000001614c000 14689       3       org.gradle.invocation.DefaultGradle::getIdentityPath (35 bytes)
Event: 6820.766 Thread 0x0000000016141000 nmethod 14687 0x0000000004edb890 code [0x0000000004edb9e0, 0x0000000004edbb18]
Event: 6820.766 Thread 0x000000001614c000 nmethod 14689 0x0000000004ee4850 code [0x0000000004ee4a20, 0x0000000004ee5248]
Event: 6820.766 Thread 0x000000001614c000 14690       3       org.gradle.internal.service.DefaultServiceRegistry::findProviderMethods (203 bytes)

GC Heap History (10 events):
Event: 78.144 GC heap after
Heap after GC invocations=20 (full 3):
 PSYoungGen      total 172032K, used 15340K [0x00000000e0000000, 0x00000000eca80000, 0x0000000100000000)
  eden space 156672K, 0% used [0x00000000e0000000,0x00000000e0000000,0x00000000e9900000)
  from space 15360K, 99% used [0x00000000e9900000,0x00000000ea7fb070,0x00000000ea800000)
  to   space 18944K, 0% used [0x00000000eb800000,0x00000000eb800000,0x00000000eca80000)
 ParOldGen       total 125440K, used 38070K [0x00000000a0000000, 0x00000000a7a80000, 0x00000000e0000000)
  object space 125440K, 30% used [0x00000000a0000000,0x00000000a252db88,0x00000000a7a80000)
 Metaspace       used 65900K, capacity 68520K, committed 68608K, reserved 1107968K
  class space    used 9218K, capacity 9702K, committed 9728K, reserved 1048576K
}
Event: 118.752 GC heap before
{Heap before GC invocations=21 (full 3):
 PSYoungGen      total 172032K, used 172012K [0x00000000e0000000, 0x00000000eca80000, 0x0000000100000000)
  eden space 156672K, 100% used [0x00000000e0000000,0x00000000e9900000,0x00000000e9900000)
  from space 15360K, 99% used [0x00000000e9900000,0x00000000ea7fb070,0x00000000ea800000)
  to   space 18944K, 0% used [0x00000000eb800000,0x00000000eb800000,0x00000000eca80000)
 ParOldGen       total 125440K, used 38070K [0x00000000a0000000, 0x00000000a7a80000, 0x00000000e0000000)
  object space 125440K, 30% used [0x00000000a0000000,0x00000000a252db88,0x00000000a7a80000)
 Metaspace       used 72226K, capacity 75166K, committed 75392K, reserved 1114112K
  class space    used 9981K, capacity 10565K, committed 10624K, reserved 1048576K
Event: 118.829 GC heap after
Heap after GC invocations=21 (full 3):
 PSYoungGen      total 186880K, used 15888K [0x00000000e0000000, 0x00000000ed100000, 0x0000000100000000)
  eden space 167936K, 0% used [0x00000000e0000000,0x00000000e0000000,0x00000000ea400000)
  from space 18944K, 83% used [0x00000000eb800000,0x00000000ec784068,0x00000000eca80000)
  to   space 20480K, 0% used [0x00000000ea400000,0x00000000ea400000,0x00000000eb800000)
 ParOldGen       total 125440K, used 46927K [0x00000000a0000000, 0x00000000a7a80000, 0x00000000e0000000)
  object space 125440K, 37% used [0x00000000a0000000,0x00000000a2dd3e60,0x00000000a7a80000)
 Metaspace       used 72226K, capacity 75166K, committed 75392K, reserved 1114112K
  class space    used 9981K, capacity 10565K, committed 10624K, reserved 1048576K
}
Event: 132.706 GC heap before
{Heap before GC invocations=22 (full 3):
 PSYoungGen      total 186880K, used 183824K [0x00000000e0000000, 0x00000000ed100000, 0x0000000100000000)
  eden space 167936K, 100% used [0x00000000e0000000,0x00000000ea400000,0x00000000ea400000)
  from space 18944K, 83% used [0x00000000eb800000,0x00000000ec784068,0x00000000eca80000)
  to   space 20480K, 0% used [0x00000000ea400000,0x00000000ea400000,0x00000000eb800000)
 ParOldGen       total 125440K, used 46927K [0x00000000a0000000, 0x00000000a7a80000, 0x00000000e0000000)
  object space 125440K, 37% used [0x00000000a0000000,0x00000000a2dd3e60,0x00000000a7a80000)
 Metaspace       used 81666K, capacity 84990K, committed 85120K, reserved 1122304K
  class space    used 11225K, capacity 11851K, committed 11904K, reserved 1048576K
Event: 132.823 GC heap after
Heap after GC invocations=22 (full 3):
 PSYoungGen      total 188416K, used 20456K [0x00000000e0000000, 0x00000000eeb00000, 0x0000000100000000)
  eden space 167936K, 0% used [0x00000000e0000000,0x00000000e0000000,0x00000000ea400000)
  from space 20480K, 99% used [0x00000000ea400000,0x00000000eb7fa3d0,0x00000000eb800000)
  to   space 27648K, 0% used [0x00000000ed000000,0x00000000ed000000,0x00000000eeb00000)
 ParOldGen       total 125440K, used 58194K [0x00000000a0000000, 0x00000000a7a80000, 0x00000000e0000000)
  object space 125440K, 46% used [0x00000000a0000000,0x00000000a38d4b30,0x00000000a7a80000)
 Metaspace       used 81666K, capacity 84990K, committed 85120K, reserved 1122304K
  class space    used 11225K, capacity 11851K, committed 11904K, reserved 1048576K
}
Event: 186.161 GC heap before
{Heap before GC invocations=23 (full 3):
 PSYoungGen      total 188416K, used 188392K [0x00000000e0000000, 0x00000000eeb00000, 0x0000000100000000)
  eden space 167936K, 100% used [0x00000000e0000000,0x00000000ea400000,0x00000000ea400000)
  from space 20480K, 99% used [0x00000000ea400000,0x00000000eb7fa3d0,0x00000000eb800000)
  to   space 27648K, 0% used [0x00000000ed000000,0x00000000ed000000,0x00000000eeb00000)
 ParOldGen       total 125440K, used 58194K [0x00000000a0000000, 0x00000000a7a80000, 0x00000000e0000000)
  object space 125440K, 46% used [0x00000000a0000000,0x00000000a38d4b30,0x00000000a7a80000)
 Metaspace       used 93477K, capacity 98000K, committed 98176K, reserved 1134592K
  class space    used 12817K, capacity 13612K, committed 13696K, reserved 1048576K
Event: 186.242 GC heap after
Heap after GC invocations=23 (full 3):
 PSYoungGen      total 210432K, used 19940K [0x00000000e0000000, 0x00000000eeb80000, 0x0000000100000000)
  eden space 182784K, 0% used [0x00000000e0000000,0x00000000e0000000,0x00000000eb280000)
  from space 27648K, 72% used [0x00000000ed000000,0x00000000ee379388,0x00000000eeb00000)
  to   space 29184K, 0% used [0x00000000eb280000,0x00000000eb280000,0x00000000ecf00000)
 ParOldGen       total 125440K, used 66084K [0x00000000a0000000, 0x00000000a7a80000, 0x00000000e0000000)
  object space 125440K, 52% used [0x00000000a0000000,0x00000000a4089268,0x00000000a7a80000)
 Metaspace       used 93477K, capacity 98000K, committed 98176K, reserved 1134592K
  class space    used 12817K, capacity 13612K, committed 13696K, reserved 1048576K
}
Event: 6820.767 GC heap before
{Heap before GC invocations=24 (full 3):
 PSYoungGen      total 210432K, used 179302K [0x00000000e0000000, 0x00000000eeb80000, 0x0000000100000000)
  eden space 182784K, 87% used [0x00000000e0000000,0x00000000e9ba04a8,0x00000000eb280000)
  from space 27648K, 72% used [0x00000000ed000000,0x00000000ee379388,0x00000000eeb00000)
  to   space 29184K, 0% used [0x00000000eb280000,0x00000000eb280000,0x00000000ecf00000)
 ParOldGen       total 125440K, used 66084K [0x00000000a0000000, 0x00000000a7a80000, 0x00000000e0000000)
  object space 125440K, 52% used [0x00000000a0000000,0x00000000a4089268,0x00000000a7a80000)
 Metaspace       used 93782K, capacity 98326K, committed 98560K, reserved 1134592K
  class space    used 12818K, capacity 13613K, committed 13696K, reserved 1048576K
Event: 6820.850 GC heap after
Heap after GC invocations=24 (full 3):
 PSYoungGen      total 190464K, used 13384K [0x00000000e0000000, 0x00000000ee380000, 0x0000000100000000)
  eden space 176640K, 0% used [0x00000000e0000000,0x00000000e0000000,0x00000000eac80000)
  from space 13824K, 96% used [0x00000000eb280000,0x00000000ebf92238,0x00000000ec000000)
  to   space 28160K, 0% used [0x00000000ec800000,0x00000000ec800000,0x00000000ee380000)
 ParOldGen       total 125440K, used 66092K [0x00000000a0000000, 0x00000000a7a80000, 0x00000000e0000000)
  object space 125440K, 52% used [0x00000000a0000000,0x00000000a408b268,0x00000000a7a80000)
 Metaspace       used 93782K, capacity 98326K, committed 98560K, reserved 1134592K
  class space    used 12818K, capacity 13613K, committed 13696K, reserved 1048576K
}
Event: 6820.850 GC heap before
{Heap before GC invocations=25 (full 4):
 PSYoungGen      total 190464K, used 13384K [0x00000000e0000000, 0x00000000ee380000, 0x0000000100000000)
  eden space 176640K, 0% used [0x00000000e0000000,0x00000000e0000000,0x00000000eac80000)
  from space 13824K, 96% used [0x00000000eb280000,0x00000000ebf92238,0x00000000ec000000)
  to   space 28160K, 0% used [0x00000000ec800000,0x00000000ec800000,0x00000000ee380000)
 ParOldGen       total 125440K, used 66092K [0x00000000a0000000, 0x00000000a7a80000, 0x00000000e0000000)
  object space 125440K, 52% used [0x00000000a0000000,0x00000000a408b268,0x00000000a7a80000)
 Metaspace       used 93782K, capacity 98326K, committed 98560K, reserved 1134592K
  class space    used 12818K, capacity 13613K, committed 13696K, reserved 1048576K

Deoptimization events (10 events):
Event: 6820.702 Thread 0x000000001f306800 Uncommon trap: reason=class_check action=maybe_recompile pc=0x0000000004a48264 method=java.util.Collections$SetFromMap.<init>(Ljava/util/Map;)V @ 5
Event: 6820.702 Thread 0x000000001f306800 Uncommon trap: reason=class_check action=maybe_recompile pc=0x0000000004a48264 method=java.util.Collections$SetFromMap.<init>(Ljava/util/Map;)V @ 5
Event: 6820.710 Thread 0x000000001f306800 Uncommon trap: reason=unreached action=reinterpret pc=0x0000000003d9a450 method=org.gradle.cache.internal.DefaultCrossBuildInMemoryCacheFactory$AbstractCrossBuildInMemoryCache.getIfPresent(Ljava/lang/Object;)Ljava/lang/Object; @ 24
Event: 6820.726 Thread 0x000000001f306800 Uncommon trap: reason=unreached action=reinterpret pc=0x0000000004792964 method=org.gradle.tooling.internal.provider.runner.SubtreeFilteringBuildOperationListener.started(Lorg/gradle/internal/operations/BuildOperationDescriptor;Lorg/gradle/internal/operati
Event: 6820.726 Thread 0x000000001f306800 Uncommon trap: reason=unreached action=reinterpret pc=0x00000000034b09c8 method=org.gradle.internal.logging.sink.OutputEventTransformer.onOutput(Lorg/gradle/internal/logging/events/OutputEvent;)V @ 84
Event: 6820.727 Thread 0x000000001f306800 Uncommon trap: reason=array_check action=maybe_recompile pc=0x0000000003ad8e3c method=com.google.common.collect.ImmutableSet.construct(I[Ljava/lang/Object;)Lcom/google/common/collect/ImmutableSet; @ 122
Event: 6820.728 Thread 0x000000001f306800 Uncommon trap: reason=array_check action=maybe_recompile pc=0x0000000003ad8e3c method=com.google.common.collect.ImmutableSet.construct(I[Ljava/lang/Object;)Lcom/google/common/collect/ImmutableSet; @ 122
Event: 6820.728 Thread 0x000000001f306800 Uncommon trap: reason=array_check action=maybe_recompile pc=0x0000000003ad8e3c method=com.google.common.collect.ImmutableSet.construct(I[Ljava/lang/Object;)Lcom/google/common/collect/ImmutableSet; @ 122
Event: 6820.728 Thread 0x000000001f306800 Uncommon trap: reason=array_check action=maybe_recompile pc=0x0000000003ad8e3c method=com.google.common.collect.ImmutableSet.construct(I[Ljava/lang/Object;)Lcom/google/common/collect/ImmutableSet; @ 122
Event: 6820.765 Thread 0x000000001f306800 Uncommon trap: reason=class_check action=maybe_recompile pc=0x0000000004053944 method=com.google.common.cache.LocalCache$Segment.getLiveValue(Lcom/google/common/cache/ReferenceEntry;J)Ljava/lang/Object; @ 21

Internal exceptions (10 events):
Event: 145.326 Thread 0x000000001f304800 Exception <a 'java/security/PrivilegedActionException'> (0x00000000ea23de00) thrown at [D:\re\workspace\8-2-build-windows-amd64-cygwin\jdk8u25\1677\hotspot\src\share\vm\prims\jvm.cpp, line 1312]
Event: 145.331 Thread 0x000000001f304800 Exception <a 'java/security/PrivilegedActionException'> (0x00000000ea2471b0) thrown at [D:\re\workspace\8-2-build-windows-amd64-cygwin\jdk8u25\1677\hotspot\src\share\vm\prims\jvm.cpp, line 1312]
Event: 145.333 Thread 0x000000001f304800 Exception <a 'java/security/PrivilegedActionException'> (0x00000000ea24ee20) thrown at [D:\re\workspace\8-2-build-windows-amd64-cygwin\jdk8u25\1677\hotspot\src\share\vm\prims\jvm.cpp, line 1312]
Event: 145.335 Thread 0x000000001f304800 Exception <a 'java/security/PrivilegedActionException'> (0x00000000ea256518) thrown at [D:\re\workspace\8-2-build-windows-amd64-cygwin\jdk8u25\1677\hotspot\src\share\vm\prims\jvm.cpp, line 1312]
Event: 145.338 Thread 0x000000001f304800 Exception <a 'java/security/PrivilegedActionException'> (0x00000000ea25e500) thrown at [D:\re\workspace\8-2-build-windows-amd64-cygwin\jdk8u25\1677\hotspot\src\share\vm\prims\jvm.cpp, line 1312]
Event: 145.340 Thread 0x000000001f304800 Exception <a 'java/security/PrivilegedActionException'> (0x00000000ea267550) thrown at [D:\re\workspace\8-2-build-windows-amd64-cygwin\jdk8u25\1677\hotspot\src\share\vm\prims\jvm.cpp, line 1312]
Event: 145.341 Thread 0x000000001f304800 Exception <a 'java/security/PrivilegedActionException'> (0x00000000ea2745c0) thrown at [D:\re\workspace\8-2-build-windows-amd64-cygwin\jdk8u25\1677\hotspot\src\share\vm\prims\jvm.cpp, line 1312]
Event: 145.349 Thread 0x000000001f304800 Exception <a 'java/security/PrivilegedActionException'> (0x00000000ea27d3c8) thrown at [D:\re\workspace\8-2-build-windows-amd64-cygwin\jdk8u25\1677\hotspot\src\share\vm\prims\jvm.cpp, line 1312]
Event: 6820.726 Thread 0x000000001f306800 Implicit null exception at 0x0000000004791f9e to 0x0000000004792945
Event: 6820.726 Thread 0x000000001f306800 Implicit null exception at 0x00000000034ad5d3 to 0x00000000034b09b9

Events (10 events):
Event: 6820.729 Executing VM operation: RevokeBias
Event: 6820.730 Executing VM operation: RevokeBias done
Event: 6820.730 Executing VM operation: RevokeBias
Event: 6820.730 Executing VM operation: RevokeBias done
Event: 6820.741 Thread 0x000000001f30e000 Thread added: 0x000000001f30e000
Event: 6820.749 Thread 0x000000001f30e800 Thread added: 0x000000001f30e800
Event: 6820.765 Thread 0x000000001f306800 Uncommon trap: trap_request=0xffffffde fr.pc=0x0000000004053944
Event: 6820.765 Thread 0x000000001f306800 DEOPT PACKING pc=0x0000000004053944 sp=0x000000001a9fbfe0
Event: 6820.765 Thread 0x000000001f306800 DEOPT UNPACKING pc=0x000000000281556a sp=0x000000001a9fbef8 mode 2
Event: 6820.767 Executing VM operation: CollectForMetadataAllocation


Dynamic libraries:
0x00007ff73b7d0000 - 0x00007ff73b804000 	C:\Program Files\Java\jdk1.8.0_25\bin\java.exe
0x00007ffc972e0000 - 0x00007ffc974d0000 	C:\WINDOWS\SYSTEM32\ntdll.dll
0x00007ffc967c0000 - 0x00007ffc96872000 	C:\WINDOWS\System32\KERNEL32.DLL
0x00007ffc94380000 - 0x00007ffc94624000 	C:\WINDOWS\System32\KERNELBASE.dll
0x00007ffc953f0000 - 0x00007ffc95493000 	C:\WINDOWS\System32\ADVAPI32.dll
0x00007ffc96ef0000 - 0x00007ffc96f8e000 	C:\WINDOWS\System32\msvcrt.dll
0x00007ffc95640000 - 0x00007ffc956d7000 	C:\WINDOWS\System32\sechost.dll
0x00007ffc95520000 - 0x00007ffc95640000 	C:\WINDOWS\System32\RPCRT4.dll
0x00007ffc95ba0000 - 0x00007ffc95d34000 	C:\WINDOWS\System32\USER32.dll
0x00007ffc94730000 - 0x00007ffc94751000 	C:\WINDOWS\System32\win32u.dll
0x00007ffc97270000 - 0x00007ffc97296000 	C:\WINDOWS\System32\GDI32.dll
0x00007ffc94760000 - 0x00007ffc948f5000 	C:\WINDOWS\System32\gdi32full.dll
0x00007ffc952f0000 - 0x00007ffc9538e000 	C:\WINDOWS\System32\msvcp_win.dll
0x00007ffc951d0000 - 0x00007ffc952ca000 	C:\WINDOWS\System32\ucrtbase.dll
0x00007ffc93410000 - 0x00007ffc93694000 	C:\WINDOWS\WinSxS\amd64_microsoft.windows.common-controls_6595b64144ccf1df_6.0.18362.900_none_e6beb9d913147d17\COMCTL32.dll
0x00007ffc95850000 - 0x00007ffc95b85000 	C:\WINDOWS\System32\combase.dll
0x00007ffc94300000 - 0x00007ffc94380000 	C:\WINDOWS\System32\bcryptPrimitives.dll
0x00007ffc956e0000 - 0x00007ffc9570e000 	C:\WINDOWS\System32\IMM32.DLL
0x00000000614a0000 - 0x0000000061572000 	C:\Program Files\Java\jdk1.8.0_25\jre\bin\msvcr100.dll
0x000000005cfb0000 - 0x000000005d80a000 	C:\Program Files\Java\jdk1.8.0_25\jre\bin\server\jvm.dll
0x00007ffc95fa0000 - 0x00007ffc95fa8000 	C:\WINDOWS\System32\PSAPI.DLL
0x00007ffc90d00000 - 0x00007ffc90d24000 	C:\WINDOWS\SYSTEM32\WINMM.dll
0x00007ffc90cd0000 - 0x00007ffc90cfd000 	C:\WINDOWS\SYSTEM32\WINMMBASE.dll
0x00007ffc82a40000 - 0x00007ffc82a49000 	C:\WINDOWS\SYSTEM32\WSOCK32.dll
0x00007ffc957e0000 - 0x00007ffc9584f000 	C:\WINDOWS\System32\WS2_32.dll
0x00007ffc946e0000 - 0x00007ffc9472a000 	C:\WINDOWS\System32\cfgmgr32.dll
0x0000000061490000 - 0x000000006149f000 	C:\Program Files\Java\jdk1.8.0_25\jre\bin\verify.dll
0x0000000061460000 - 0x0000000061488000 	C:\Program Files\Java\jdk1.8.0_25\jre\bin\java.dll
0x0000000061440000 - 0x0000000061456000 	C:\Program Files\Java\jdk1.8.0_25\jre\bin\zip.dll
0x00007ffc95fb0000 - 0x00007ffc96696000 	C:\WINDOWS\System32\SHELL32.dll
0x00007ffc95d40000 - 0x00007ffc95de9000 	C:\WINDOWS\System32\shcore.dll
0x00007ffc94a50000 - 0x00007ffc951d0000 	C:\WINDOWS\System32\windows.storage.dll
0x00007ffc941f0000 - 0x00007ffc94213000 	C:\WINDOWS\System32\profapi.dll
0x00007ffc94220000 - 0x00007ffc9426a000 	C:\WINDOWS\System32\powrprof.dll
0x00007ffc941a0000 - 0x00007ffc941b0000 	C:\WINDOWS\System32\UMPDC.dll
0x00007ffc95390000 - 0x00007ffc953e2000 	C:\WINDOWS\System32\shlwapi.dll
0x00007ffc941d0000 - 0x00007ffc941e1000 	C:\WINDOWS\System32\kernel.appcore.dll
0x00007ffc952d0000 - 0x00007ffc952e7000 	C:\WINDOWS\System32\cryptsp.dll
0x0000000061420000 - 0x000000006143a000 	C:\Program Files\Java\jdk1.8.0_25\jre\bin\net.dll
0x00007ffc93350000 - 0x00007ffc933b7000 	C:\WINDOWS\system32\mswsock.dll
0x0000000061400000 - 0x0000000061411000 	C:\Program Files\Java\jdk1.8.0_25\jre\bin\nio.dll
0x00007ffc779b0000 - 0x00007ffc779d6000 	C:\Users\roger_000\Desktop\gradle-6.2.2\native\31\windows-amd64\native-platform.dll
0x00000000613f0000 - 0x00000000613fd000 	C:\Program Files\Java\jdk1.8.0_25\jre\bin\management.dll
0x00007ffc92ea0000 - 0x00007ffc92ed3000 	C:\WINDOWS\system32\rsaenh.dll
0x00007ffc94270000 - 0x00007ffc94296000 	C:\WINDOWS\System32\bcrypt.dll
0x00007ffc94090000 - 0x00007ffc940b5000 	C:\WINDOWS\SYSTEM32\USERENV.dll
0x00007ffc937b0000 - 0x00007ffc937bc000 	C:\WINDOWS\SYSTEM32\CRYPTBASE.dll
0x00007ffc93040000 - 0x00007ffc9307a000 	C:\WINDOWS\SYSTEM32\IPHLPAPI.DLL
0x00007ffc95b90000 - 0x00007ffc95b98000 	C:\WINDOWS\System32\NSI.dll
0x00007ffc89b70000 - 0x00007ffc89b86000 	C:\WINDOWS\SYSTEM32\dhcpcsvc6.DLL
0x00007ffc89db0000 - 0x00007ffc89dcc000 	C:\WINDOWS\SYSTEM32\dhcpcsvc.DLL
0x00007ffc930e0000 - 0x00007ffc931ab000 	C:\WINDOWS\SYSTEM32\DNSAPI.dll
0x00007ffc93d40000 - 0x00007ffc93f34000 	C:\WINDOWS\SYSTEM32\dbghelp.dll

VM Arguments:
jvm_args: -Xmx1536m -Dfile.encoding=windows-1252 -Duser.country=IE -Duser.language=en -Duser.variant 
java_command: org.gradle.launcher.daemon.bootstrap.GradleDaemon 6.1.1
java_class_path (initial): C:\Users\roger_000\Desktop\gradle-6.2.2\wrapper\dists\gradle-6.1.1-all\cfmwm155h49vnt3hynmlrsdst\gradle-6.1.1\lib\gradle-launcher-6.1.1.jar
Launcher Type: SUN_STANDARD

Environment Variables:
JAVA_HOME=C:\Program Files\Java\jdk1.8.0_25
PATH=C:\ProgramData\Oracle\Java\javapath;C:\Windows\system32;C:\Windows;C:\Windows\System32\Wbem;C:\Windows\System32\WindowsPowerShell\v1.0\;C:\Program Files (x86)\ATI Technologies\ATI.ACE\Core-Static;C:\Program Files\Acer\Remote Files\%GWT_HOME%;C:\WINDOWS\system32;C:\WINDOWS;C:\WINDOWS\System32\Wbem;C:\WINDOWS\System32\WindowsPowerShell\v1.0\;C:\Program Files (x86)\GtkSharp\2.12\bin;C:\WINDOWS\System32\OpenSSH\;C:\Users\roger_000\AppData\Local\Microsoft\WindowsApps;
USERNAME=roger_000
OS=Windows_NT
PROCESSOR_IDENTIFIER=AMD64 Family 21 Model 48 Stepping 1, AuthenticAMD



---------------  S Y S T E M  ---------------

OS: Windows 8.1 , 64 bit Build 9600 

CPU:total 4 (4 cores per cpu, 1 threads per core) family 21 model 48 stepping 1, cmov, cx8, fxsr, mmx, sse, sse2, sse3, ssse3, sse4.1, sse4.2, popcnt, avx, aes, clmul, mmxext, 3dnowpref, lzcnt, sse4a, tsc, tscinvbit, tscinv, bmi1

Memory: 4k page, physical 7285000k(1700052k free), swap 10458400k(1452952k free)

vm_info: Java HotSpot(TM) 64-Bit Server VM (25.25-b02) for windows-amd64 JRE (1.8.0_25-b18), built on Oct  7 2014 14:25:37 by "java_re" with MS VC++ 10.0 (VS2010)

time: Mon Jun 15 21:50:15 2020
elapsed time: 6821 seconds (0d 1h 53m 41s)

